
ORIGINAL MESSAGE: This is the RSA Encryption program. It is a form of software encryption that is still used today


This is the public key. It can be used by anyone (hence the name 'public'), and is used to electronically encrypt messages.


PUBLIC KEY: 


Sun RSA public key, 2048 bits
  params: null
  modulus: 19487796630307291632826031996593415799357049840880304001076690749109915487970662387420868221684031738599702961843125968491196523454042980269430800129631299601151733972843769650418076532812088101331199574744312900627755579764049532446748919413665571911491337236000049211305564925732359372620353941978648310846296940009353679160570241301192960250165133854899546104257726009531091295105889264514932142765231288634463998745273500314584998808803298831525684891289951887119177639800191397761360588802938657579891495005788170183707965974855777993921263488809373105163299321184557053452532999768648539702537695098968981243501
  public exponent: 65537


This is your private key. It is known only to you (hence the name 'private'), and is used to electronically decrypt messages you receive.


PRIVATE KEY: 


SunRsaSign RSA private CRT key, 2048 bits
  params: null
  modulus: 19487796630307291632826031996593415799357049840880304001076690749109915487970662387420868221684031738599702961843125968491196523454042980269430800129631299601151733972843769650418076532812088101331199574744312900627755579764049532446748919413665571911491337236000049211305564925732359372620353941978648310846296940009353679160570241301192960250165133854899546104257726009531091295105889264514932142765231288634463998745273500314584998808803298831525684891289951887119177639800191397761360588802938657579891495005788170183707965974855777993921263488809373105163299321184557053452532999768648539702537695098968981243501
  private exponent: 8239724806228772314045643630706372763479925097132813889403468279869932376698156076039981360496582380588030716582587249750386127911127011966765757840488324335076591061347038421244257453411400602528152649894943474318249341826171667059819835466265971858147686876261674529582940996567491313537543795599864880808446372119356947225143542423306739267044880935211756284693499059950341406514606356706381253483621547423479584605480016821211294914050341820977063307408790116676038228838899282576307899898802434437468465483133571407805143738170691234107147238931250830199091451574060765277214599227456811076545879204313330528833



THE PLAINTEXT MESSAGE: This is the RSA Encryption program. It is a form of software encryption that is still used today




STEP-BY-STEP EXPLANATION - ENCRYPTION


1. First, acquire your public key and message (public key shown above)

2. Next the RSA Algorithm does the work for you!


The RSA encryption algorithm gets the bytes of your message. The bytes are how the computer reads your text


Your message's bytes: [37, -59, -29, 121, 119, -48, 52, -96, -109, 121, -103, -83, -32, 91, 55, -99, 33, 77, -73, -4, 127, 36, 84, -7, -68, 72, -4, 62, -95, 87, -72, 84, -45, 48, 123, -63, 106, 40, -16, 92, 43, 113, -96, -13, -45, -82, 68, -30, -97, 3, 82, -15, -124, -100, -80, 102, 113, -82, 56, 105, -16, 5, -12, -11, 27, 24, 56, 76, 27, -18, 88, -119, -127, 71, 13, 80, -47, -65, -79, 19, -117, 79, -56, -128, -84, -100, -128, 74, 46, 19, 28, -13, 55, -106, 127, -117, 100, -6, -108, 69, 102, -87, 101, 59, 111, 18, -111, 126, -99, -80, -103, 115, 12, -88, 0, -119, 106, -86, -76, 124, 53, -78, -76, -84, -1, 50, -58, -77, 53, -22, -124, 0, -33, 13, 119, -46, 59, -28, 94, 37, 117, -25, -80, 100, 46, -15, 67, 119, -47, -80, -13, 24, 44, -60, 114, 112, -107, -10, 64, -16, -19, -67, -122, -69, -88, 115, -10, 1, -107, -90, -64, -27, -127, -64, -81, 62, 120, -115, 54, 114, 98, -109, 101, -48, -98, 34, -117, 22, -8, -43, -42, -89, 22, -22, -29, 71, -16, -77, 97, 19, 51, -2, -74, -81, 83, 42, 25, 11, 112, 18, 22, 105, 58, 42, -99, 85, -46, -5, 94, -123, -32, -124, 72, -1, -99, 81, -36, 95, -86, -98, 15, -65, 77, -121, -107, 120, -119, -94, 102, -19, 32, -40, 80, 13, -89, 123, -93, 31, -104, -6, 95, 118, 26, 19, -56, -21]


YOUR ENCRYPTED MESSAGE: JcXjeXfQNKCTeZmt4Fs3nSFNt/x/JFT5vEj8PqFXuFTTMHvBaijwXCtxoPPTrkTinwNS8YScsGZxrjhp8AX09RsYOEwb7liJgUcNUNG/sROLT8iArJyASi4THPM3ln+LZPqURWapZTtvEpF+nbCZcwyoAIlqqrR8NbK0rP8yxrM16oQA3w130jvkXiV157BkLvFDd9Gw8xgsxHJwlfZA8O29hruoc/YBlabA5YHArz54jTZyYpNl0J4iixb41danFurjR/CzYRMz/ravUyoZC3ASFmk6Kp1V0vteheCESP+dUdxfqp4Pv02HlXiJombtINhQDad7ox+Y+l92GhPI6w==


Now, let's decrypt your message!



STEP-BY-STEP EXPLANATION - DECRYPTION


1. First, get your private key. It is only known to you

2. Now, watch the RSA decryption algorithm go to work!


The algorithm gets the bytes from your encrypted message and get's THEIR bytes

Encrypted message bytes: [37, -59, -29, 121, 119, -48, 52, -96, -109, 121, -103, -83, -32, 91, 55, -99, 33, 77, -73, -4, 127, 36, 84, -7, -68, 72, -4, 62, -95, 87, -72, 84, -45, 48, 123, -63, 106, 40, -16, 92, 43, 113, -96, -13, -45, -82, 68, -30, -97, 3, 82, -15, -124, -100, -80, 102, 113, -82, 56, 105, -16, 5, -12, -11, 27, 24, 56, 76, 27, -18, 88, -119, -127, 71, 13, 80, -47, -65, -79, 19, -117, 79, -56, -128, -84, -100, -128, 74, 46, 19, 28, -13, 55, -106, 127, -117, 100, -6, -108, 69, 102, -87, 101, 59, 111, 18, -111, 126, -99, -80, -103, 115, 12, -88, 0, -119, 106, -86, -76, 124, 53, -78, -76, -84, -1, 50, -58, -77, 53, -22, -124, 0, -33, 13, 119, -46, 59, -28, 94, 37, 117, -25, -80, 100, 46, -15, 67, 119, -47, -80, -13, 24, 44, -60, 114, 112, -107, -10, 64, -16, -19, -67, -122, -69, -88, 115, -10, 1, -107, -90, -64, -27, -127, -64, -81, 62, 120, -115, 54, 114, 98, -109, 101, -48, -98, 34, -117, 22, -8, -43, -42, -89, 22, -22, -29, 71, -16, -77, 97, 19, 51, -2, -74, -81, 83, 42, 25, 11, 112, 18, 22, 105, 58, 42, -99, 85, -46, -5, 94, -123, -32, -124, 72, -1, -99, 81, -36, 95, -86, -98, 15, -65, 77, -121, -107, 120, -119, -94, 102, -19, 32, -40, 80, 13, -89, 123, -93, 31, -104, -6, 95, 118, 26, 19, -56, -21]


Finally, the algorithm converts the bytes to ASCII, and converts each ASCII value into a character!



YOUR DECRYPTED MESSAGE: This is the RSA Encryption program. It is a form of software encryption that is still used today



ORIGINAL MESSAGE: Currently, as of making this sentence, I was assigned 2 additional IB IAs today


This is the public key. It can be used by anyone (hence the name 'public'), and is used to electronically encrypt messages.


PUBLIC KEY: 


Sun RSA public key, 2048 bits
  params: null
  modulus: 19487796630307291632826031996593415799357049840880304001076690749109915487970662387420868221684031738599702961843125968491196523454042980269430800129631299601151733972843769650418076532812088101331199574744312900627755579764049532446748919413665571911491337236000049211305564925732359372620353941978648310846296940009353679160570241301192960250165133854899546104257726009531091295105889264514932142765231288634463998745273500314584998808803298831525684891289951887119177639800191397761360588802938657579891495005788170183707965974855777993921263488809373105163299321184557053452532999768648539702537695098968981243501
  public exponent: 65537


This is your private key. It is known only to you (hence the name 'private'), and is used to electronically decrypt messages you receive.


PRIVATE KEY: 


SunRsaSign RSA private CRT key, 2048 bits
  params: null
  modulus: 19487796630307291632826031996593415799357049840880304001076690749109915487970662387420868221684031738599702961843125968491196523454042980269430800129631299601151733972843769650418076532812088101331199574744312900627755579764049532446748919413665571911491337236000049211305564925732359372620353941978648310846296940009353679160570241301192960250165133854899546104257726009531091295105889264514932142765231288634463998745273500314584998808803298831525684891289951887119177639800191397761360588802938657579891495005788170183707965974855777993921263488809373105163299321184557053452532999768648539702537695098968981243501
  private exponent: 8239724806228772314045643630706372763479925097132813889403468279869932376698156076039981360496582380588030716582587249750386127911127011966765757840488324335076591061347038421244257453411400602528152649894943474318249341826171667059819835466265971858147686876261674529582940996567491313537543795599864880808446372119356947225143542423306739267044880935211756284693499059950341406514606356706381253483621547423479584605480016821211294914050341820977063307408790116676038228838899282576307899898802434437468465483133571407805143738170691234107147238931250830199091451574060765277214599227456811076545879204313330528833



THE PLAINTEXT MESSAGE: Currently, as of making this sentence, I was assigned 2 additional IB IAs today




STEP-BY-STEP EXPLANATION - ENCRYPTION


1. First, acquire your public key and message (public key shown above)

2. Next the RSA Algorithm does the work for you!


The RSA encryption algorithm gets the bytes of your message. The bytes are how the computer reads your text


Your message's bytes: [54, 74, -65, 43, 110, -126, -3, 0, 11, 83, -65, -70, 15, 29, 102, 114, -62, -80, 2, 66, 15, -49, 56, -17, -31, -29, -27, -72, -96, -3, 60, 4, 81, -50, -37, -87, -5, -123, 70, 34, 98, 10, 127, -62, 115, -3, -32, 97, -58, 10, 107, -108, -84, -71, 95, -97, -121, 20, -103, -50, 28, 2, -118, -90, 94, -58, -94, -123, 28, 34, 103, -43, -121, 34, 30, 68, 28, 118, 94, -15, 122, 11, -55, 54, 127, 7, 100, -126, -56, -43, -94, 105, -71, 90, -11, -27, 48, 35, -2, 124, -49, 117, -59, 100, 97, -29, -111, -121, -30, 92, -58, 106, 79, 83, -42, 23, 125, -56, -128, -72, -66, 68, -122, 96, -82, -111, 12, -103, 30, -60, 17, -85, -107, -120, -37, -51, -97, -34, 68, -127, 42, 32, -67, -73, -58, 41, -57, 6, -81, 34, -52, -124, 97, -53, -82, 95, 78, -110, -10, -100, -58, 60, 5, -81, -86, 80, -45, -4, -92, 65, -71, -112, -12, -56, 84, -50, -18, -36, 108, -61, 42, -71, 19, -124, 61, -102, -63, -27, 34, 82, 30, -2, -74, 111, -96, -59, -21, -88, -82, 63, 32, 79, -41, -20, -25, 102, -38, 2, -29, 73, -65, 52, -116, -64, 65, -3, 98, -33, 32, -89, 105, -8, -50, -70, -99, -74, -16, 96, -45, 55, -126, 99, -11, 18, 120, -3, 120, 45, 69, -21, 67, -7, 31, 81, -36, -18, -55, 67, -66, 75, 70, 48, 69, 86, 6, 9]


YOUR ENCRYPTED MESSAGE: Nkq/K26C/QALU7+6Dx1mcsKwAkIPzzjv4ePluKD9PARRztup+4VGImIKf8Jz/eBhxgprlKy5X5+HFJnOHAKKpl7GooUcImfVhyIeRBx2XvF6C8k2fwdkgsjVomm5WvXlMCP+fM91xWRh45GH4lzGak9T1hd9yIC4vkSGYK6RDJkexBGrlYjbzZ/eRIEqIL23xinHBq8izIRhy65fTpL2nMY8Ba+qUNP8pEG5kPTIVM7u3GzDKrkThD2aweUiUh7+tm+gxeuorj8gT9fs52baAuNJvzSMwEH9Yt8gp2n4zrqdtvBg0zeCY/USeP14LUXrQ/kfUdzuyUO+S0YwRVYGCQ==


Now, let's decrypt your message!



STEP-BY-STEP EXPLANATION - DECRYPTION


1. First, get your private key. It is only known to you

2. Now, watch the RSA decryption algorithm go to work!


The algorithm gets the bytes from your encrypted message and get's THEIR bytes

Encrypted message bytes: [54, 74, -65, 43, 110, -126, -3, 0, 11, 83, -65, -70, 15, 29, 102, 114, -62, -80, 2, 66, 15, -49, 56, -17, -31, -29, -27, -72, -96, -3, 60, 4, 81, -50, -37, -87, -5, -123, 70, 34, 98, 10, 127, -62, 115, -3, -32, 97, -58, 10, 107, -108, -84, -71, 95, -97, -121, 20, -103, -50, 28, 2, -118, -90, 94, -58, -94, -123, 28, 34, 103, -43, -121, 34, 30, 68, 28, 118, 94, -15, 122, 11, -55, 54, 127, 7, 100, -126, -56, -43, -94, 105, -71, 90, -11, -27, 48, 35, -2, 124, -49, 117, -59, 100, 97, -29, -111, -121, -30, 92, -58, 106, 79, 83, -42, 23, 125, -56, -128, -72, -66, 68, -122, 96, -82, -111, 12, -103, 30, -60, 17, -85, -107, -120, -37, -51, -97, -34, 68, -127, 42, 32, -67, -73, -58, 41, -57, 6, -81, 34, -52, -124, 97, -53, -82, 95, 78, -110, -10, -100, -58, 60, 5, -81, -86, 80, -45, -4, -92, 65, -71, -112, -12, -56, 84, -50, -18, -36, 108, -61, 42, -71, 19, -124, 61, -102, -63, -27, 34, 82, 30, -2, -74, 111, -96, -59, -21, -88, -82, 63, 32, 79, -41, -20, -25, 102, -38, 2, -29, 73, -65, 52, -116, -64, 65, -3, 98, -33, 32, -89, 105, -8, -50, -70, -99, -74, -16, 96, -45, 55, -126, 99, -11, 18, 120, -3, 120, 45, 69, -21, 67, -7, 31, 81, -36, -18, -55, 67, -66, 75, 70, 48, 69, 86, 6, 9]


Finally, the algorithm converts the bytes to ASCII, and converts each ASCII value into a character!



YOUR DECRYPTED MESSAGE: Currently, as of making this sentence, I was assigned 2 additional IB IAs today



ORIGINAL MESSAGE: My dream is to become a software engineer or any good job to do with computer science


This is the public key. It can be used by anyone (hence the name 'public'), and is used to electronically encrypt messages.


PUBLIC KEY: 


Sun RSA public key, 2048 bits
  params: null
  modulus: 19487796630307291632826031996593415799357049840880304001076690749109915487970662387420868221684031738599702961843125968491196523454042980269430800129631299601151733972843769650418076532812088101331199574744312900627755579764049532446748919413665571911491337236000049211305564925732359372620353941978648310846296940009353679160570241301192960250165133854899546104257726009531091295105889264514932142765231288634463998745273500314584998808803298831525684891289951887119177639800191397761360588802938657579891495005788170183707965974855777993921263488809373105163299321184557053452532999768648539702537695098968981243501
  public exponent: 65537


This is your private key. It is known only to you (hence the name 'private'), and is used to electronically decrypt messages you receive.


PRIVATE KEY: 


SunRsaSign RSA private CRT key, 2048 bits
  params: null
  modulus: 19487796630307291632826031996593415799357049840880304001076690749109915487970662387420868221684031738599702961843125968491196523454042980269430800129631299601151733972843769650418076532812088101331199574744312900627755579764049532446748919413665571911491337236000049211305564925732359372620353941978648310846296940009353679160570241301192960250165133854899546104257726009531091295105889264514932142765231288634463998745273500314584998808803298831525684891289951887119177639800191397761360588802938657579891495005788170183707965974855777993921263488809373105163299321184557053452532999768648539702537695098968981243501
  private exponent: 8239724806228772314045643630706372763479925097132813889403468279869932376698156076039981360496582380588030716582587249750386127911127011966765757840488324335076591061347038421244257453411400602528152649894943474318249341826171667059819835466265971858147686876261674529582940996567491313537543795599864880808446372119356947225143542423306739267044880935211756284693499059950341406514606356706381253483621547423479584605480016821211294914050341820977063307408790116676038228838899282576307899898802434437468465483133571407805143738170691234107147238931250830199091451574060765277214599227456811076545879204313330528833



THE PLAINTEXT MESSAGE: My dream is to become a software engineer or any good job to do with computer science




STEP-BY-STEP EXPLANATION - ENCRYPTION


1. First, acquire your public key and message (public key shown above)

2. Next the RSA Algorithm does the work for you!


The RSA encryption algorithm gets the bytes of your message. The bytes are how the computer reads your text


Your message's bytes: [12, 85, -45, -53, -119, 20, 40, 98, 63, 89, -50, 29, 19, -57, -112, -49, -17, -37, 88, 107, 55, 41, 52, -91, 8, 81, -120, 96, -102, -68, -125, -111, -100, 106, 96, 13, 89, -115, 85, 108, 49, -127, -59, 26, 75, 111, -39, -103, -37, -46, 62, 74, 108, 102, -34, -18, 100, 119, 126, -11, 51, -30, -58, 37, -10, -112, 36, 63, 41, 32, -75, 2, 112, -107, 34, 33, -110, -94, -6, 20, -24, 47, 26, 1, -89, -124, 43, 20, 48, 8, -20, -125, -98, -45, 8, -59, 18, -78, -89, -86, -82, 11, 25, 66, 36, 69, -122, 15, -89, -111, -12, -46, 127, 45, 27, 123, 4, -9, 61, 28, -59, -52, 2, -26, -68, 56, 97, -36, 94, 81, 50, 11, 6, 122, -42, -120, 0, 110, 104, 22, 39, 4, -55, 4, -38, -60, 78, -86, -88, 7, 71, -115, 28, 13, 126, -111, 105, 30, 117, -63, 43, -107, -43, -59, 103, 96, 25, 93, 73, 39, 73, 118, 82, -123, -78, 70, 38, 86, -46, -79, -124, 10, 98, -31, -24, 51, -117, -72, 0, 124, -48, -48, -15, 96, -96, -88, 57, -108, -82, 78, -82, 61, 68, -114, 28, -83, -11, -102, 91, 83, -7, -38, 109, 112, 117, 58, 115, 71, 126, 123, -121, -8, 32, 25, 91, 40, 71, -27, 27, 6, 99, 6, -96, 3, 120, -23, 29, -107, 44, 2, -26, -9, 19, -104, 30, 39, 81, 106, -50, 52, -58, -68, 55, -18, 109, 30]


YOUR ENCRYPTED MESSAGE: DFXTy4kUKGI/Wc4dE8eQz+/bWGs3KTSlCFGIYJq8g5GcamANWY1VbDGBxRpLb9mZ29I+Smxm3u5kd371M+LGJfaQJD8pILUCcJUiIZKi+hToLxoBp4QrFDAI7IOe0wjFErKnqq4LGUIkRYYPp5H00n8tG3sE9z0cxcwC5rw4YdxeUTILBnrWiABuaBYnBMkE2sROqqgHR40cDX6RaR51wSuV1cVnYBldSSdJdlKFskYmVtKxhApi4egzi7gAfNDQ8WCgqDmUrk6uPUSOHK31mltT+dptcHU6c0d+e4f4IBlbKEflGwZjBqADeOkdlSwC5vcTmB4nUWrONMa8N+5tHg==


Now, let's decrypt your message!



STEP-BY-STEP EXPLANATION - DECRYPTION


1. First, get your private key. It is only known to you

2. Now, watch the RSA decryption algorithm go to work!


The algorithm gets the bytes from your encrypted message and get's THEIR bytes

Encrypted message bytes: [12, 85, -45, -53, -119, 20, 40, 98, 63, 89, -50, 29, 19, -57, -112, -49, -17, -37, 88, 107, 55, 41, 52, -91, 8, 81, -120, 96, -102, -68, -125, -111, -100, 106, 96, 13, 89, -115, 85, 108, 49, -127, -59, 26, 75, 111, -39, -103, -37, -46, 62, 74, 108, 102, -34, -18, 100, 119, 126, -11, 51, -30, -58, 37, -10, -112, 36, 63, 41, 32, -75, 2, 112, -107, 34, 33, -110, -94, -6, 20, -24, 47, 26, 1, -89, -124, 43, 20, 48, 8, -20, -125, -98, -45, 8, -59, 18, -78, -89, -86, -82, 11, 25, 66, 36, 69, -122, 15, -89, -111, -12, -46, 127, 45, 27, 123, 4, -9, 61, 28, -59, -52, 2, -26, -68, 56, 97, -36, 94, 81, 50, 11, 6, 122, -42, -120, 0, 110, 104, 22, 39, 4, -55, 4, -38, -60, 78, -86, -88, 7, 71, -115, 28, 13, 126, -111, 105, 30, 117, -63, 43, -107, -43, -59, 103, 96, 25, 93, 73, 39, 73, 118, 82, -123, -78, 70, 38, 86, -46, -79, -124, 10, 98, -31, -24, 51, -117, -72, 0, 124, -48, -48, -15, 96, -96, -88, 57, -108, -82, 78, -82, 61, 68, -114, 28, -83, -11, -102, 91, 83, -7, -38, 109, 112, 117, 58, 115, 71, 126, 123, -121, -8, 32, 25, 91, 40, 71, -27, 27, 6, 99, 6, -96, 3, 120, -23, 29, -107, 44, 2, -26, -9, 19, -104, 30, 39, 81, 106, -50, 52, -58, -68, 55, -18, 109, 30]


Finally, the algorithm converts the bytes to ASCII, and converts each ASCII value into a character!



YOUR DECRYPTED MESSAGE: My dream is to become a software engineer or any good job to do with computer science



ORIGINAL MESSAGE: Although I have a long road to get there, I am willing to work hard for it


This is the public key. It can be used by anyone (hence the name 'public'), and is used to electronically encrypt messages.


PUBLIC KEY: 


Sun RSA public key, 2048 bits
  params: null
  modulus: 19487796630307291632826031996593415799357049840880304001076690749109915487970662387420868221684031738599702961843125968491196523454042980269430800129631299601151733972843769650418076532812088101331199574744312900627755579764049532446748919413665571911491337236000049211305564925732359372620353941978648310846296940009353679160570241301192960250165133854899546104257726009531091295105889264514932142765231288634463998745273500314584998808803298831525684891289951887119177639800191397761360588802938657579891495005788170183707965974855777993921263488809373105163299321184557053452532999768648539702537695098968981243501
  public exponent: 65537


This is your private key. It is known only to you (hence the name 'private'), and is used to electronically decrypt messages you receive.


PRIVATE KEY: 


SunRsaSign RSA private CRT key, 2048 bits
  params: null
  modulus: 19487796630307291632826031996593415799357049840880304001076690749109915487970662387420868221684031738599702961843125968491196523454042980269430800129631299601151733972843769650418076532812088101331199574744312900627755579764049532446748919413665571911491337236000049211305564925732359372620353941978648310846296940009353679160570241301192960250165133854899546104257726009531091295105889264514932142765231288634463998745273500314584998808803298831525684891289951887119177639800191397761360588802938657579891495005788170183707965974855777993921263488809373105163299321184557053452532999768648539702537695098968981243501
  private exponent: 8239724806228772314045643630706372763479925097132813889403468279869932376698156076039981360496582380588030716582587249750386127911127011966765757840488324335076591061347038421244257453411400602528152649894943474318249341826171667059819835466265971858147686876261674529582940996567491313537543795599864880808446372119356947225143542423306739267044880935211756284693499059950341406514606356706381253483621547423479584605480016821211294914050341820977063307408790116676038228838899282576307899898802434437468465483133571407805143738170691234107147238931250830199091451574060765277214599227456811076545879204313330528833



THE PLAINTEXT MESSAGE: Although I have a long road to get there, I am willing to work hard for it




STEP-BY-STEP EXPLANATION - ENCRYPTION


1. First, acquire your public key and message (public key shown above)

2. Next the RSA Algorithm does the work for you!


The RSA encryption algorithm gets the bytes of your message. The bytes are how the computer reads your text


Your message's bytes: [120, -80, -3, -11, -91, 61, 88, -46, -89, 39, 104, -31, 19, -65, 15, -50, -6, 115, 109, -47, -21, -93, -9, 44, 43, 5, 109, 124, 103, -108, 40, 114, 103, 38, 87, 81, 75, -85, 80, -97, -84, 127, -26, -99, -10, 37, 68, 21, -20, 50, -110, 37, -54, -77, 15, 119, 6, 17, -53, 106, 105, -30, 38, 119, 20, -52, 52, -77, 125, -54, 101, -42, 8, 82, 97, -92, -28, 8, -35, 98, 109, -42, -119, -75, 79, 17, -51, -25, 41, -49, -66, -108, 97, 80, 35, -53, -39, -90, 90, -101, -81, 85, -63, 77, 94, -39, -14, -11, -91, -85, 54, 122, -110, -67, 44, -53, -122, 69, -22, 88, 75, -32, -25, -35, 39, 83, 5, 12, 4, -14, -113, -88, -97, -25, -21, -101, 104, 47, -83, -92, 79, 6, 36, -16, 119, -7, -118, 98, 27, -46, -75, 26, -49, -77, 65, 16, -84, 64, 114, -64, 92, -124, -19, -75, -113, 7, -41, -42, 39, -106, 25, -75, 72, -43, -63, 8, -96, -64, -37, 5, 19, 104, 125, -100, 60, -3, 38, 70, 58, 26, 88, 41, 110, 82, 113, -95, 43, -65, -114, 91, 70, 56, 52, 70, -87, -127, -127, -86, -118, 46, -93, -42, -24, 75, 87, -94, 70, -69, -90, -73, 57, -43, -18, -111, -47, -53, -8, 122, -40, 38, 22, 67, -115, 91, 96, -35, -18, -81, -121, 23, 18, -71, -125, 99, -71, 29, 69, 27, 54, 64, -22, -70, 47, -76, -57, -59]


YOUR ENCRYPTED MESSAGE: eLD99aU9WNKnJ2jhE78PzvpzbdHro/csKwVtfGeUKHJnJldRS6tQn6x/5p32JUQV7DKSJcqzD3cGEctqaeImdxTMNLN9ymXWCFJhpOQI3WJt1om1TxHN5ynPvpRhUCPL2aZam69VwU1e2fL1pas2epK9LMuGRepYS+Dn3SdTBQwE8o+on+frm2gvraRPBiTwd/mKYhvStRrPs0EQrEBywFyE7bWPB9fWJ5YZtUjVwQigwNsFE2h9nDz9JkY6GlgpblJxoSu/jltGODRGqYGBqoouo9boS1eiRrumtznV7pHRy/h62CYWQ41bYN3ur4cXErmDY7kdRRs2QOq6L7THxQ==


Now, let's decrypt your message!



STEP-BY-STEP EXPLANATION - DECRYPTION


1. First, get your private key. It is only known to you

2. Now, watch the RSA decryption algorithm go to work!


The algorithm gets the bytes from your encrypted message and get's THEIR bytes

Encrypted message bytes: [120, -80, -3, -11, -91, 61, 88, -46, -89, 39, 104, -31, 19, -65, 15, -50, -6, 115, 109, -47, -21, -93, -9, 44, 43, 5, 109, 124, 103, -108, 40, 114, 103, 38, 87, 81, 75, -85, 80, -97, -84, 127, -26, -99, -10, 37, 68, 21, -20, 50, -110, 37, -54, -77, 15, 119, 6, 17, -53, 106, 105, -30, 38, 119, 20, -52, 52, -77, 125, -54, 101, -42, 8, 82, 97, -92, -28, 8, -35, 98, 109, -42, -119, -75, 79, 17, -51, -25, 41, -49, -66, -108, 97, 80, 35, -53, -39, -90, 90, -101, -81, 85, -63, 77, 94, -39, -14, -11, -91, -85, 54, 122, -110, -67, 44, -53, -122, 69, -22, 88, 75, -32, -25, -35, 39, 83, 5, 12, 4, -14, -113, -88, -97, -25, -21, -101, 104, 47, -83, -92, 79, 6, 36, -16, 119, -7, -118, 98, 27, -46, -75, 26, -49, -77, 65, 16, -84, 64, 114, -64, 92, -124, -19, -75, -113, 7, -41, -42, 39, -106, 25, -75, 72, -43, -63, 8, -96, -64, -37, 5, 19, 104, 125, -100, 60, -3, 38, 70, 58, 26, 88, 41, 110, 82, 113, -95, 43, -65, -114, 91, 70, 56, 52, 70, -87, -127, -127, -86, -118, 46, -93, -42, -24, 75, 87, -94, 70, -69, -90, -73, 57, -43, -18, -111, -47, -53, -8, 122, -40, 38, 22, 67, -115, 91, 96, -35, -18, -81, -121, 23, 18, -71, -125, 99, -71, 29, 69, 27, 54, 64, -22, -70, 47, -76, -57, -59]


Finally, the algorithm converts the bytes to ASCII, and converts each ASCII value into a character!



YOUR DECRYPTED MESSAGE: Although I have a long road to get there, I am willing to work hard for it



ORIGINAL MESSAGE: Peter Piper picked a peck of pickled peppers, so how many pickled peppers did Peter Piper Pick?


This is the public key. It can be used by anyone (hence the name 'public'), and is used to electronically encrypt messages.


PUBLIC KEY: 


Sun RSA public key, 2048 bits
  params: null
  modulus: 19487796630307291632826031996593415799357049840880304001076690749109915487970662387420868221684031738599702961843125968491196523454042980269430800129631299601151733972843769650418076532812088101331199574744312900627755579764049532446748919413665571911491337236000049211305564925732359372620353941978648310846296940009353679160570241301192960250165133854899546104257726009531091295105889264514932142765231288634463998745273500314584998808803298831525684891289951887119177639800191397761360588802938657579891495005788170183707965974855777993921263488809373105163299321184557053452532999768648539702537695098968981243501
  public exponent: 65537


This is your private key. It is known only to you (hence the name 'private'), and is used to electronically decrypt messages you receive.


PRIVATE KEY: 


SunRsaSign RSA private CRT key, 2048 bits
  params: null
  modulus: 19487796630307291632826031996593415799357049840880304001076690749109915487970662387420868221684031738599702961843125968491196523454042980269430800129631299601151733972843769650418076532812088101331199574744312900627755579764049532446748919413665571911491337236000049211305564925732359372620353941978648310846296940009353679160570241301192960250165133854899546104257726009531091295105889264514932142765231288634463998745273500314584998808803298831525684891289951887119177639800191397761360588802938657579891495005788170183707965974855777993921263488809373105163299321184557053452532999768648539702537695098968981243501
  private exponent: 8239724806228772314045643630706372763479925097132813889403468279869932376698156076039981360496582380588030716582587249750386127911127011966765757840488324335076591061347038421244257453411400602528152649894943474318249341826171667059819835466265971858147686876261674529582940996567491313537543795599864880808446372119356947225143542423306739267044880935211756284693499059950341406514606356706381253483621547423479584605480016821211294914050341820977063307408790116676038228838899282576307899898802434437468465483133571407805143738170691234107147238931250830199091451574060765277214599227456811076545879204313330528833



THE PLAINTEXT MESSAGE: Peter Piper picked a peck of pickled peppers, so how many pickled peppers did Peter Piper Pick?




STEP-BY-STEP EXPLANATION - ENCRYPTION


1. First, acquire your public key and message (public key shown above)

2. Next the RSA Algorithm does the work for you!


The RSA encryption algorithm gets the bytes of your message. The bytes are how the computer reads your text


Your message's bytes: [-103, -54, -97, 97, -35, 51, 12, -21, 8, -113, -86, -4, 21, 97, -16, -22, 34, -42, -84, -89, 49, -27, -125, 87, 61, -37, -115, 26, -70, 48, 11, -41, 85, 18, 61, 111, -9, 108, -93, 47, -113, 123, 12, -21, 98, -54, 109, -36, -126, -90, 125, 60, -49, 5, 99, 39, 121, -53, -57, -70, 16, 19, 63, 7, -42, -54, 66, 23, -22, 17, 91, 87, -84, 118, 32, 50, 16, -25, 90, 107, 105, 37, -118, 74, 6, -91, 33, -14, 47, 73, -104, 34, -60, -108, 113, -123, -47, -4, -94, -119, -10, -6, -98, 127, 33, 75, -7, 57, -53, -32, 2, 124, 30, 106, -54, -127, -16, 97, -32, 90, -55, -10, 114, 103, 58, 21, 73, 117, -40, -82, 64, 105, 19, 93, -25, 61, 68, 39, -78, -99, 21, 105, -107, 96, -125, -56, -41, -81, 53, 99, -88, -59, 113, -15, -69, -17, 82, 18, -82, -72, 127, -4, 84, 55, 82, -97, 97, -52, -31, -128, -87, 47, 99, 107, 117, -45, 124, -11, -122, 34, -82, -6, 122, 115, 16, 65, -104, -81, 107, 77, -95, 50, 3, -6, 42, -62, 36, 58, 77, -63, 14, 78, -40, -39, -105, 116, 6, -65, -2, -33, 105, -125, -52, 45, -104, 19, 82, -93, 113, -47, -77, 19, -101, 64, 43, -49, -95, 54, 30, -22, -121, 37, 67, -33, 48, -79, -44, 34, 107, 9, 38, 96, 74, 70, 67, -127, -80, 66, 120, -37, 24, 106, -19, -62, -90, -16]


YOUR ENCRYPTED MESSAGE: mcqfYd0zDOsIj6r8FWHw6iLWrKcx5YNXPduNGrowC9dVEj1v92yjL497DOtiym3cgqZ9PM8FYyd5y8e6EBM/B9bKQhfqEVtXrHYgMhDnWmtpJYpKBqUh8i9JmCLElHGF0fyiifb6nn8hS/k5y+ACfB5qyoHwYeBayfZyZzoVSXXYrkBpE13nPUQnsp0VaZVgg8jXrzVjqMVx8bvvUhKuuH/8VDdSn2HM4YCpL2NrddN89YYirvp6cxBBmK9rTaEyA/oqwiQ6TcEOTtjZl3QGv/7faYPMLZgTUqNx0bMTm0Arz6E2HuqHJUPfMLHUImsJJmBKRkOBsEJ42xhq7cKm8A==


Now, let's decrypt your message!



STEP-BY-STEP EXPLANATION - DECRYPTION


1. First, get your private key. It is only known to you

2. Now, watch the RSA decryption algorithm go to work!


The algorithm gets the bytes from your encrypted message and get's THEIR bytes

Encrypted message bytes: [-103, -54, -97, 97, -35, 51, 12, -21, 8, -113, -86, -4, 21, 97, -16, -22, 34, -42, -84, -89, 49, -27, -125, 87, 61, -37, -115, 26, -70, 48, 11, -41, 85, 18, 61, 111, -9, 108, -93, 47, -113, 123, 12, -21, 98, -54, 109, -36, -126, -90, 125, 60, -49, 5, 99, 39, 121, -53, -57, -70, 16, 19, 63, 7, -42, -54, 66, 23, -22, 17, 91, 87, -84, 118, 32, 50, 16, -25, 90, 107, 105, 37, -118, 74, 6, -91, 33, -14, 47, 73, -104, 34, -60, -108, 113, -123, -47, -4, -94, -119, -10, -6, -98, 127, 33, 75, -7, 57, -53, -32, 2, 124, 30, 106, -54, -127, -16, 97, -32, 90, -55, -10, 114, 103, 58, 21, 73, 117, -40, -82, 64, 105, 19, 93, -25, 61, 68, 39, -78, -99, 21, 105, -107, 96, -125, -56, -41, -81, 53, 99, -88, -59, 113, -15, -69, -17, 82, 18, -82, -72, 127, -4, 84, 55, 82, -97, 97, -52, -31, -128, -87, 47, 99, 107, 117, -45, 124, -11, -122, 34, -82, -6, 122, 115, 16, 65, -104, -81, 107, 77, -95, 50, 3, -6, 42, -62, 36, 58, 77, -63, 14, 78, -40, -39, -105, 116, 6, -65, -2, -33, 105, -125, -52, 45, -104, 19, 82, -93, 113, -47, -77, 19, -101, 64, 43, -49, -95, 54, 30, -22, -121, 37, 67, -33, 48, -79, -44, 34, 107, 9, 38, 96, 74, 70, 67, -127, -80, 66, 120, -37, 24, 106, -19, -62, -90, -16]


Finally, the algorithm converts the bytes to ASCII, and converts each ASCII value into a character!



YOUR DECRYPTED MESSAGE: Peter Piper picked a peck of pickled peppers, so how many pickled peppers did Peter Piper Pick?



ORIGINAL MESSAGE: The quick brown fox jumps over the lazy little dog, but I prefer more playful dogs, not lazy ones


This is the public key. It can be used by anyone (hence the name 'public'), and is used to electronically encrypt messages.


PUBLIC KEY: 


Sun RSA public key, 2048 bits
  params: null
  modulus: 19487796630307291632826031996593415799357049840880304001076690749109915487970662387420868221684031738599702961843125968491196523454042980269430800129631299601151733972843769650418076532812088101331199574744312900627755579764049532446748919413665571911491337236000049211305564925732359372620353941978648310846296940009353679160570241301192960250165133854899546104257726009531091295105889264514932142765231288634463998745273500314584998808803298831525684891289951887119177639800191397761360588802938657579891495005788170183707965974855777993921263488809373105163299321184557053452532999768648539702537695098968981243501
  public exponent: 65537


This is your private key. It is known only to you (hence the name 'private'), and is used to electronically decrypt messages you receive.


PRIVATE KEY: 


SunRsaSign RSA private CRT key, 2048 bits
  params: null
  modulus: 19487796630307291632826031996593415799357049840880304001076690749109915487970662387420868221684031738599702961843125968491196523454042980269430800129631299601151733972843769650418076532812088101331199574744312900627755579764049532446748919413665571911491337236000049211305564925732359372620353941978648310846296940009353679160570241301192960250165133854899546104257726009531091295105889264514932142765231288634463998745273500314584998808803298831525684891289951887119177639800191397761360588802938657579891495005788170183707965974855777993921263488809373105163299321184557053452532999768648539702537695098968981243501
  private exponent: 8239724806228772314045643630706372763479925097132813889403468279869932376698156076039981360496582380588030716582587249750386127911127011966765757840488324335076591061347038421244257453411400602528152649894943474318249341826171667059819835466265971858147686876261674529582940996567491313537543795599864880808446372119356947225143542423306739267044880935211756284693499059950341406514606356706381253483621547423479584605480016821211294914050341820977063307408790116676038228838899282576307899898802434437468465483133571407805143738170691234107147238931250830199091451574060765277214599227456811076545879204313330528833



THE PLAINTEXT MESSAGE: The quick brown fox jumps over the lazy little dog, but I prefer more playful dogs, not lazy ones




STEP-BY-STEP EXPLANATION - ENCRYPTION


1. First, acquire your public key and message (public key shown above)

2. Next the RSA Algorithm does the work for you!


The RSA encryption algorithm gets the bytes of your message. The bytes are how the computer reads your text


Your message's bytes: [105, -89, 50, -42, 119, 26, 117, 13, 122, 21, 41, -71, -121, -44, -31, -83, -68, 115, -59, -23, -15, -106, 110, -46, -43, -89, -100, -125, -47, -5, 90, 72, -54, 75, -1, 21, -66, 40, -5, 106, -68, -69, 34, 84, 122, 68, -79, -71, -47, 112, 104, 48, 34, -25, -18, -86, -115, -35, 51, -110, 80, -114, -115, -15, 68, -101, 98, -21, -47, 8, 120, 51, -96, -59, 80, -119, -91, -71, -123, 52, -88, 6, 1, 115, 118, 119, 31, 120, 9, -111, 5, 110, 117, -92, -45, -128, 38, -92, 60, 96, 87, 9, 23, 59, 117, 117, 40, -73, 50, 95, -126, -22, -118, -86, -46, 75, -88, 114, -47, -65, -53, 49, 107, 119, -98, 67, 53, 31, 91, -86, -14, 126, 115, 86, 68, 116, 120, -71, -123, -29, -56, 96, -79, 70, -12, -118, -52, 1, 2, -88, -3, 54, -17, -14, 46, 52, 55, 109, -92, -19, 80, 2, 4, -12, -54, -28, 88, 111, 79, 83, -44, -48, -69, -71, 28, -11, 56, -89, -21, -46, -82, -113, 125, 70, 63, -61, 53, 37, 67, 7, 94, -126, -102, 20, -102, -71, 75, 20, 90, -36, -113, 37, -28, -38, -115, 21, -115, 63, -128, 39, -4, -48, -119, -97, -49, 11, 95, 54, 109, -75, -65, 91, -48, -107, -55, 114, 7, 50, -40, 44, 48, -20, 111, 9, 10, -49, -70, -3, -7, 16, -109, -13, -55, -52, -57, 4, 21, -112, 9, -118, 111, 92, -90, 51, -72, -63]


YOUR ENCRYPTED MESSAGE: aacy1ncadQ16FSm5h9Thrbxzxenxlm7S1aecg9H7WkjKS/8Vvij7ary7IlR6RLG50XBoMCLn7qqN3TOSUI6N8USbYuvRCHgzoMVQiaW5hTSoBgFzdncfeAmRBW51pNOAJqQ8YFcJFzt1dSi3Ml+C6oqq0kuoctG/yzFrd55DNR9bqvJ+c1ZEdHi5hePIYLFG9IrMAQKo/Tbv8i40N22k7VACBPTK5FhvT1PU0Lu5HPU4p+vSro99Rj/DNSVDB16CmhSauUsUWtyPJeTajRWNP4An/NCJn88LXzZttb9b0JXJcgcy2Cww7G8JCs+6/fkQk/PJzMcEFZAJim9cpjO4wQ==


Now, let's decrypt your message!



STEP-BY-STEP EXPLANATION - DECRYPTION


1. First, get your private key. It is only known to you

2. Now, watch the RSA decryption algorithm go to work!


The algorithm gets the bytes from your encrypted message and get's THEIR bytes

Encrypted message bytes: [105, -89, 50, -42, 119, 26, 117, 13, 122, 21, 41, -71, -121, -44, -31, -83, -68, 115, -59, -23, -15, -106, 110, -46, -43, -89, -100, -125, -47, -5, 90, 72, -54, 75, -1, 21, -66, 40, -5, 106, -68, -69, 34, 84, 122, 68, -79, -71, -47, 112, 104, 48, 34, -25, -18, -86, -115, -35, 51, -110, 80, -114, -115, -15, 68, -101, 98, -21, -47, 8, 120, 51, -96, -59, 80, -119, -91, -71, -123, 52, -88, 6, 1, 115, 118, 119, 31, 120, 9, -111, 5, 110, 117, -92, -45, -128, 38, -92, 60, 96, 87, 9, 23, 59, 117, 117, 40, -73, 50, 95, -126, -22, -118, -86, -46, 75, -88, 114, -47, -65, -53, 49, 107, 119, -98, 67, 53, 31, 91, -86, -14, 126, 115, 86, 68, 116, 120, -71, -123, -29, -56, 96, -79, 70, -12, -118, -52, 1, 2, -88, -3, 54, -17, -14, 46, 52, 55, 109, -92, -19, 80, 2, 4, -12, -54, -28, 88, 111, 79, 83, -44, -48, -69, -71, 28, -11, 56, -89, -21, -46, -82, -113, 125, 70, 63, -61, 53, 37, 67, 7, 94, -126, -102, 20, -102, -71, 75, 20, 90, -36, -113, 37, -28, -38, -115, 21, -115, 63, -128, 39, -4, -48, -119, -97, -49, 11, 95, 54, 109, -75, -65, 91, -48, -107, -55, 114, 7, 50, -40, 44, 48, -20, 111, 9, 10, -49, -70, -3, -7, 16, -109, -13, -55, -52, -57, 4, 21, -112, 9, -118, 111, 92, -90, 51, -72, -63]


Finally, the algorithm converts the bytes to ASCII, and converts each ASCII value into a character!



YOUR DECRYPTED MESSAGE: The quick brown fox jumps over the lazy little dog, but I prefer more playful dogs, not lazy ones



ORIGINAL MESSAGE: The year 2020 was a strange year; COVID-19 brought a 'great' start to the decade, didn't it?


This is the public key. It can be used by anyone (hence the name 'public'), and is used to electronically encrypt messages.


PUBLIC KEY: 


Sun RSA public key, 2048 bits
  params: null
  modulus: 19487796630307291632826031996593415799357049840880304001076690749109915487970662387420868221684031738599702961843125968491196523454042980269430800129631299601151733972843769650418076532812088101331199574744312900627755579764049532446748919413665571911491337236000049211305564925732359372620353941978648310846296940009353679160570241301192960250165133854899546104257726009531091295105889264514932142765231288634463998745273500314584998808803298831525684891289951887119177639800191397761360588802938657579891495005788170183707965974855777993921263488809373105163299321184557053452532999768648539702537695098968981243501
  public exponent: 65537


This is your private key. It is known only to you (hence the name 'private'), and is used to electronically decrypt messages you receive.


PRIVATE KEY: 


SunRsaSign RSA private CRT key, 2048 bits
  params: null
  modulus: 19487796630307291632826031996593415799357049840880304001076690749109915487970662387420868221684031738599702961843125968491196523454042980269430800129631299601151733972843769650418076532812088101331199574744312900627755579764049532446748919413665571911491337236000049211305564925732359372620353941978648310846296940009353679160570241301192960250165133854899546104257726009531091295105889264514932142765231288634463998745273500314584998808803298831525684891289951887119177639800191397761360588802938657579891495005788170183707965974855777993921263488809373105163299321184557053452532999768648539702537695098968981243501
  private exponent: 8239724806228772314045643630706372763479925097132813889403468279869932376698156076039981360496582380588030716582587249750386127911127011966765757840488324335076591061347038421244257453411400602528152649894943474318249341826171667059819835466265971858147686876261674529582940996567491313537543795599864880808446372119356947225143542423306739267044880935211756284693499059950341406514606356706381253483621547423479584605480016821211294914050341820977063307408790116676038228838899282576307899898802434437468465483133571407805143738170691234107147238931250830199091451574060765277214599227456811076545879204313330528833



THE PLAINTEXT MESSAGE: The year 2020 was a strange year; COVID-19 brought a 'great' start to the decade, didn't it?




STEP-BY-STEP EXPLANATION - ENCRYPTION


1. First, acquire your public key and message (public key shown above)

2. Next the RSA Algorithm does the work for you!


The RSA encryption algorithm gets the bytes of your message. The bytes are how the computer reads your text


Your message's bytes: [-103, 17, -114, 98, -103, -73, -109, -48, 32, 117, -77, 45, 3, -101, 49, 116, -125, -30, -107, 22, -93, 123, -120, -23, 14, -51, -6, 112, -84, -23, 35, 10, -36, 73, 59, -7, -55, 63, -48, -90, -95, -126, 124, -84, 65, 113, 17, 125, -21, 91, 36, -55, -50, 111, 73, -127, -1, -2, -40, -126, -41, -120, -17, 16, 91, 96, 29, 76, -25, 104, -57, -38, 55, 59, -27, 15, -16, -78, -78, 92, 106, -101, 8, 18, -99, -71, -96, 113, 19, -85, -90, -54, 5, -124, -128, 102, 23, -82, -80, 46, -122, -46, -2, -33, 40, -61, -112, -83, 69, -99, 122, 47, 103, -119, 91, 14, 0, -17, -73, -115, -55, -52, 6, 101, -46, -24, 98, 67, -110, 24, -57, -54, 93, 74, -54, -55, -46, -12, 59, 108, -97, 15, -13, 122, -57, -128, 52, -9, -32, 64, 66, 122, -93, 33, -30, -103, 120, 120, 53, 2, 76, 7, -57, -95, -30, 81, -15, -83, -127, -102, -35, 67, -52, 0, -76, 39, 91, 3, 43, 64, 34, -44, 99, 14, 75, -38, 33, 33, 13, -105, -17, -77, -75, 46, 75, -76, 124, 122, 46, -79, 123, 103, 99, 59, -25, 3, -79, -65, -8, -78, -111, -118, -90, -19, -6, 20, 113, 61, -19, 9, 110, 104, -79, 104, -23, 13, -113, 126, -1, -12, 108, -93, 17, 99, 3, 77, 67, 57, -44, -15, 114, 57, -70, 113, 88, -91, 105, 87, -5, 31, 124, 85, 0, 101, 20, 19]


YOUR ENCRYPTED MESSAGE: mRGOYpm3k9AgdbMtA5sxdIPilRaje4jpDs36cKzpIwrcSTv5yT/QpqGCfKxBcRF961skyc5vSYH//tiC14jvEFtgHUznaMfaNzvlD/CyslxqmwgSnbmgcROrpsoFhIBmF66wLobS/t8ow5CtRZ16L2eJWw4A77eNycwGZdLoYkOSGMfKXUrKydL0O2yfD/N6x4A09+BAQnqjIeKZeHg1AkwHx6HiUfGtgZrdQ8wAtCdbAytAItRjDkvaISENl++ztS5LtHx6LrF7Z2M75wOxv/iykYqm7foUcT3tCW5osWjpDY9+//RsoxFjA01DOdTxcjm6cVilaVf7H3xVAGUUEw==


Now, let's decrypt your message!



STEP-BY-STEP EXPLANATION - DECRYPTION


1. First, get your private key. It is only known to you

2. Now, watch the RSA decryption algorithm go to work!


The algorithm gets the bytes from your encrypted message and get's THEIR bytes

Encrypted message bytes: [-103, 17, -114, 98, -103, -73, -109, -48, 32, 117, -77, 45, 3, -101, 49, 116, -125, -30, -107, 22, -93, 123, -120, -23, 14, -51, -6, 112, -84, -23, 35, 10, -36, 73, 59, -7, -55, 63, -48, -90, -95, -126, 124, -84, 65, 113, 17, 125, -21, 91, 36, -55, -50, 111, 73, -127, -1, -2, -40, -126, -41, -120, -17, 16, 91, 96, 29, 76, -25, 104, -57, -38, 55, 59, -27, 15, -16, -78, -78, 92, 106, -101, 8, 18, -99, -71, -96, 113, 19, -85, -90, -54, 5, -124, -128, 102, 23, -82, -80, 46, -122, -46, -2, -33, 40, -61, -112, -83, 69, -99, 122, 47, 103, -119, 91, 14, 0, -17, -73, -115, -55, -52, 6, 101, -46, -24, 98, 67, -110, 24, -57, -54, 93, 74, -54, -55, -46, -12, 59, 108, -97, 15, -13, 122, -57, -128, 52, -9, -32, 64, 66, 122, -93, 33, -30, -103, 120, 120, 53, 2, 76, 7, -57, -95, -30, 81, -15, -83, -127, -102, -35, 67, -52, 0, -76, 39, 91, 3, 43, 64, 34, -44, 99, 14, 75, -38, 33, 33, 13, -105, -17, -77, -75, 46, 75, -76, 124, 122, 46, -79, 123, 103, 99, 59, -25, 3, -79, -65, -8, -78, -111, -118, -90, -19, -6, 20, 113, 61, -19, 9, 110, 104, -79, 104, -23, 13, -113, 126, -1, -12, 108, -93, 17, 99, 3, 77, 67, 57, -44, -15, 114, 57, -70, 113, 88, -91, 105, 87, -5, 31, 124, 85, 0, 101, 20, 19]


Finally, the algorithm converts the bytes to ASCII, and converts each ASCII value into a character!



YOUR DECRYPTED MESSAGE: The year 2020 was a strange year; COVID-19 brought a 'great' start to the decade, didn't it?



ORIGINAL MESSAGE: I wrote this sentence in my bedroom. The year is 2021 and the time is 10:26 p.m.


This is the public key. It can be used by anyone (hence the name 'public'), and is used to electronically encrypt messages.


PUBLIC KEY: 


Sun RSA public key, 2048 bits
  params: null
  modulus: 19487796630307291632826031996593415799357049840880304001076690749109915487970662387420868221684031738599702961843125968491196523454042980269430800129631299601151733972843769650418076532812088101331199574744312900627755579764049532446748919413665571911491337236000049211305564925732359372620353941978648310846296940009353679160570241301192960250165133854899546104257726009531091295105889264514932142765231288634463998745273500314584998808803298831525684891289951887119177639800191397761360588802938657579891495005788170183707965974855777993921263488809373105163299321184557053452532999768648539702537695098968981243501
  public exponent: 65537


This is your private key. It is known only to you (hence the name 'private'), and is used to electronically decrypt messages you receive.


PRIVATE KEY: 


SunRsaSign RSA private CRT key, 2048 bits
  params: null
  modulus: 19487796630307291632826031996593415799357049840880304001076690749109915487970662387420868221684031738599702961843125968491196523454042980269430800129631299601151733972843769650418076532812088101331199574744312900627755579764049532446748919413665571911491337236000049211305564925732359372620353941978648310846296940009353679160570241301192960250165133854899546104257726009531091295105889264514932142765231288634463998745273500314584998808803298831525684891289951887119177639800191397761360588802938657579891495005788170183707965974855777993921263488809373105163299321184557053452532999768648539702537695098968981243501
  private exponent: 8239724806228772314045643630706372763479925097132813889403468279869932376698156076039981360496582380588030716582587249750386127911127011966765757840488324335076591061347038421244257453411400602528152649894943474318249341826171667059819835466265971858147686876261674529582940996567491313537543795599864880808446372119356947225143542423306739267044880935211756284693499059950341406514606356706381253483621547423479584605480016821211294914050341820977063307408790116676038228838899282576307899898802434437468465483133571407805143738170691234107147238931250830199091451574060765277214599227456811076545879204313330528833



THE PLAINTEXT MESSAGE: I wrote this sentence in my bedroom. The year is 2021 and the time is 10:26 p.m.




STEP-BY-STEP EXPLANATION - ENCRYPTION


1. First, acquire your public key and message (public key shown above)

2. Next the RSA Algorithm does the work for you!


The RSA encryption algorithm gets the bytes of your message. The bytes are how the computer reads your text


Your message's bytes: [21, 89, -1, -4, -107, -65, 118, -125, 74, -21, 59, 57, 27, -125, -29, 36, -28, -10, 73, -43, 94, 28, -46, -68, 87, -23, 91, 85, -62, 62, 69, 47, -83, -121, -50, 96, -42, -14, 74, 113, 87, 2, -49, -89, -21, 32, -93, -35, 49, -48, -55, -61, -31, -41, -39, 33, 87, 67, 89, 47, 42, 64, -51, -111, -75, -79, 117, -119, 94, 74, 70, 54, -21, 65, -4, -83, 87, 50, 91, -96, -89, -66, -74, 86, 17, -117, 46, 91, 66, -58, 1, -39, -79, -121, 35, 86, -111, -8, 24, 111, 5, -18, 37, -86, 106, 54, -40, -121, -34, -6, -11, -1, 87, -32, -94, 113, 87, -25, 73, -15, 26, -106, -116, 12, 8, -10, -43, 57, -98, 21, -44, 89, -118, 75, -114, -64, -15, 16, 106, -12, 63, 73, 109, 114, -72, 76, 127, -57, 49, -96, -3, 45, 30, -16, 65, 102, -101, -42, -102, 118, 11, -52, -104, 89, 101, 81, -60, 125, -40, -13, 50, 72, -18, -69, 33, 57, -51, 38, -87, 74, -110, 62, -79, 46, -89, 123, 49, -2, 72, -69, -24, 50, 126, -106, 29, 74, -81, 4, 13, 84, -119, 78, -48, 107, 81, -3, -82, 88, -110, 45, 57, 118, 0, -60, -25, -96, 19, 7, -87, -40, 6, 116, -126, -127, -103, 101, -70, -35, 41, 70, -72, -65, -116, 62, 109, 23, -111, -19, -45, -74, 61, 3, -83, -3, -95, -13, -8, -24, -20, -70, -84, -18, 47, 98, -50, 87]


YOUR ENCRYPTED MESSAGE: FVn//JW/doNK6zs5G4PjJOT2SdVeHNK8V+lbVcI+RS+th85g1vJKcVcCz6frIKPdMdDJw+HX2SFXQ1kvKkDNkbWxdYleSkY260H8rVcyW6CnvrZWEYsuW0LGAdmxhyNWkfgYbwXuJapqNtiH3vr1/1fgonFX50nxGpaMDAj21TmeFdRZikuOwPEQavQ/SW1yuEx/xzGg/S0e8EFmm9aadgvMmFllUcR92PMySO67ITnNJqlKkj6xLqd7Mf5Iu+gyfpYdSq8EDVSJTtBrUf2uWJItOXYAxOegEwep2AZ0goGZZbrdKUa4v4w+bReR7dO2PQOt/aHz+OjsuqzuL2LOVw==


Now, let's decrypt your message!



STEP-BY-STEP EXPLANATION - DECRYPTION


1. First, get your private key. It is only known to you

2. Now, watch the RSA decryption algorithm go to work!


The algorithm gets the bytes from your encrypted message and get's THEIR bytes

Encrypted message bytes: [21, 89, -1, -4, -107, -65, 118, -125, 74, -21, 59, 57, 27, -125, -29, 36, -28, -10, 73, -43, 94, 28, -46, -68, 87, -23, 91, 85, -62, 62, 69, 47, -83, -121, -50, 96, -42, -14, 74, 113, 87, 2, -49, -89, -21, 32, -93, -35, 49, -48, -55, -61, -31, -41, -39, 33, 87, 67, 89, 47, 42, 64, -51, -111, -75, -79, 117, -119, 94, 74, 70, 54, -21, 65, -4, -83, 87, 50, 91, -96, -89, -66, -74, 86, 17, -117, 46, 91, 66, -58, 1, -39, -79, -121, 35, 86, -111, -8, 24, 111, 5, -18, 37, -86, 106, 54, -40, -121, -34, -6, -11, -1, 87, -32, -94, 113, 87, -25, 73, -15, 26, -106, -116, 12, 8, -10, -43, 57, -98, 21, -44, 89, -118, 75, -114, -64, -15, 16, 106, -12, 63, 73, 109, 114, -72, 76, 127, -57, 49, -96, -3, 45, 30, -16, 65, 102, -101, -42, -102, 118, 11, -52, -104, 89, 101, 81, -60, 125, -40, -13, 50, 72, -18, -69, 33, 57, -51, 38, -87, 74, -110, 62, -79, 46, -89, 123, 49, -2, 72, -69, -24, 50, 126, -106, 29, 74, -81, 4, 13, 84, -119, 78, -48, 107, 81, -3, -82, 88, -110, 45, 57, 118, 0, -60, -25, -96, 19, 7, -87, -40, 6, 116, -126, -127, -103, 101, -70, -35, 41, 70, -72, -65, -116, 62, 109, 23, -111, -19, -45, -74, 61, 3, -83, -3, -95, -13, -8, -24, -20, -70, -84, -18, 47, 98, -50, 87]


Finally, the algorithm converts the bytes to ASCII, and converts each ASCII value into a character!



YOUR DECRYPTED MESSAGE: I wrote this sentence in my bedroom. The year is 2021 and the time is 10:26 p.m.



ORIGINAL MESSAGE: Move your forces into position by dawn, then you will see your enemy. 


This is the public key. It can be used by anyone (hence the name 'public'), and is used to electronically encrypt messages.


PUBLIC KEY: 


Sun RSA public key, 2048 bits
  params: null
  modulus: 19487796630307291632826031996593415799357049840880304001076690749109915487970662387420868221684031738599702961843125968491196523454042980269430800129631299601151733972843769650418076532812088101331199574744312900627755579764049532446748919413665571911491337236000049211305564925732359372620353941978648310846296940009353679160570241301192960250165133854899546104257726009531091295105889264514932142765231288634463998745273500314584998808803298831525684891289951887119177639800191397761360588802938657579891495005788170183707965974855777993921263488809373105163299321184557053452532999768648539702537695098968981243501
  public exponent: 65537


This is your private key. It is known only to you (hence the name 'private'), and is used to electronically decrypt messages you receive.


PRIVATE KEY: 


SunRsaSign RSA private CRT key, 2048 bits
  params: null
  modulus: 19487796630307291632826031996593415799357049840880304001076690749109915487970662387420868221684031738599702961843125968491196523454042980269430800129631299601151733972843769650418076532812088101331199574744312900627755579764049532446748919413665571911491337236000049211305564925732359372620353941978648310846296940009353679160570241301192960250165133854899546104257726009531091295105889264514932142765231288634463998745273500314584998808803298831525684891289951887119177639800191397761360588802938657579891495005788170183707965974855777993921263488809373105163299321184557053452532999768648539702537695098968981243501
  private exponent: 8239724806228772314045643630706372763479925097132813889403468279869932376698156076039981360496582380588030716582587249750386127911127011966765757840488324335076591061347038421244257453411400602528152649894943474318249341826171667059819835466265971858147686876261674529582940996567491313537543795599864880808446372119356947225143542423306739267044880935211756284693499059950341406514606356706381253483621547423479584605480016821211294914050341820977063307408790116676038228838899282576307899898802434437468465483133571407805143738170691234107147238931250830199091451574060765277214599227456811076545879204313330528833



THE PLAINTEXT MESSAGE: Move your forces into position by dawn, then you will see your enemy. 




STEP-BY-STEP EXPLANATION - ENCRYPTION


1. First, acquire your public key and message (public key shown above)

2. Next the RSA Algorithm does the work for you!


The RSA encryption algorithm gets the bytes of your message. The bytes are how the computer reads your text


Your message's bytes: [78, -80, -122, -2, -86, 27, -54, -96, 44, 50, 11, -52, 52, 108, -76, 43, 77, 23, -95, 117, 67, 92, 60, 65, -34, 112, 124, -58, 96, -30, 50, 58, 50, -17, -59, 109, 111, 89, -118, -52, 24, -45, 6, -59, -46, -26, 107, 100, -96, -73, -45, -104, -106, 119, 98, -67, -26, 109, 109, 92, -19, -110, 64, -121, -47, -80, -14, -28, -122, -20, 27, 13, 90, -28, -48, -82, 106, 57, 52, 34, -65, 67, 76, 64, 63, 81, -87, 112, 96, -49, 108, -74, -26, -9, -28, -87, -78, 119, 83, 95, -4, -110, 31, -26, -38, 105, -113, 59, -112, 64, -10, 101, 3, 126, -13, 95, 59, -6, -94, 38, -3, -26, -99, -2, 71, 101, -119, -57, -64, 62, 65, 9, -120, 52, -52, 68, -117, -39, -89, -5, 70, -30, -35, 48, -60, 98, -84, 117, 58, -125, 76, 124, 3, -36, -60, -20, -86, -45, -7, -78, 37, -61, -50, 50, 8, -37, 63, 106, 55, 122, 72, -108, 112, 28, -126, 93, 68, 40, 16, -60, -8, -88, 79, -115, 32, -6, 67, -111, 98, -84, -73, 52, -59, 14, -84, 57, 117, -60, -62, 68, 87, -92, -19, 101, 25, -2, -75, 118, 94, -10, 15, 117, 58, -69, -36, 73, -27, -83, 10, 58, 26, 34, -103, -18, -118, 97, 90, 33, 127, -54, -11, -74, -122, 10, 49, 82, 57, -24, 26, 63, -21, -77, 49, -30, -105, -100, 24, -9, -117, 32, -123, 44, 24, 54, 121, 104]


YOUR ENCRYPTED MESSAGE: TrCG/qobyqAsMgvMNGy0K00XoXVDXDxB3nB8xmDiMjoy78Vtb1mKzBjTBsXS5mtkoLfTmJZ3Yr3mbW1c7ZJAh9Gw8uSG7BsNWuTQrmo5NCK/Q0xAP1GpcGDPbLbm9+SpsndTX/ySH+baaY87kED2ZQN+8187+qIm/ead/kdlicfAPkEJiDTMRIvZp/tG4t0wxGKsdTqDTHwD3MTsqtP5siXDzjII2z9qN3pIlHAcgl1EKBDE+KhPjSD6Q5FirLc0xQ6sOXXEwkRXpO1lGf61dl72D3U6u9xJ5a0KOhoime6KYVohf8r1toYKMVI56Bo/67Mx4pecGPeLIIUsGDZ5aA==


Now, let's decrypt your message!



STEP-BY-STEP EXPLANATION - DECRYPTION


1. First, get your private key. It is only known to you

2. Now, watch the RSA decryption algorithm go to work!


The algorithm gets the bytes from your encrypted message and get's THEIR bytes

Encrypted message bytes: [78, -80, -122, -2, -86, 27, -54, -96, 44, 50, 11, -52, 52, 108, -76, 43, 77, 23, -95, 117, 67, 92, 60, 65, -34, 112, 124, -58, 96, -30, 50, 58, 50, -17, -59, 109, 111, 89, -118, -52, 24, -45, 6, -59, -46, -26, 107, 100, -96, -73, -45, -104, -106, 119, 98, -67, -26, 109, 109, 92, -19, -110, 64, -121, -47, -80, -14, -28, -122, -20, 27, 13, 90, -28, -48, -82, 106, 57, 52, 34, -65, 67, 76, 64, 63, 81, -87, 112, 96, -49, 108, -74, -26, -9, -28, -87, -78, 119, 83, 95, -4, -110, 31, -26, -38, 105, -113, 59, -112, 64, -10, 101, 3, 126, -13, 95, 59, -6, -94, 38, -3, -26, -99, -2, 71, 101, -119, -57, -64, 62, 65, 9, -120, 52, -52, 68, -117, -39, -89, -5, 70, -30, -35, 48, -60, 98, -84, 117, 58, -125, 76, 124, 3, -36, -60, -20, -86, -45, -7, -78, 37, -61, -50, 50, 8, -37, 63, 106, 55, 122, 72, -108, 112, 28, -126, 93, 68, 40, 16, -60, -8, -88, 79, -115, 32, -6, 67, -111, 98, -84, -73, 52, -59, 14, -84, 57, 117, -60, -62, 68, 87, -92, -19, 101, 25, -2, -75, 118, 94, -10, 15, 117, 58, -69, -36, 73, -27, -83, 10, 58, 26, 34, -103, -18, -118, 97, 90, 33, 127, -54, -11, -74, -122, 10, 49, 82, 57, -24, 26, 63, -21, -77, 49, -30, -105, -100, 24, -9, -117, 32, -123, 44, 24, 54, 121, 104]


Finally, the algorithm converts the bytes to ASCII, and converts each ASCII value into a character!



YOUR DECRYPTED MESSAGE: Move your forces into position by dawn, then you will see your enemy. 



ORIGINAL MESSAGE: Math and computer science are my favorite subjects. #techguy #STEM #math #programming


This is the public key. It can be used by anyone (hence the name 'public'), and is used to electronically encrypt messages.


PUBLIC KEY: 


Sun RSA public key, 2048 bits
  params: null
  modulus: 19487796630307291632826031996593415799357049840880304001076690749109915487970662387420868221684031738599702961843125968491196523454042980269430800129631299601151733972843769650418076532812088101331199574744312900627755579764049532446748919413665571911491337236000049211305564925732359372620353941978648310846296940009353679160570241301192960250165133854899546104257726009531091295105889264514932142765231288634463998745273500314584998808803298831525684891289951887119177639800191397761360588802938657579891495005788170183707965974855777993921263488809373105163299321184557053452532999768648539702537695098968981243501
  public exponent: 65537


This is your private key. It is known only to you (hence the name 'private'), and is used to electronically decrypt messages you receive.


PRIVATE KEY: 


SunRsaSign RSA private CRT key, 2048 bits
  params: null
  modulus: 19487796630307291632826031996593415799357049840880304001076690749109915487970662387420868221684031738599702961843125968491196523454042980269430800129631299601151733972843769650418076532812088101331199574744312900627755579764049532446748919413665571911491337236000049211305564925732359372620353941978648310846296940009353679160570241301192960250165133854899546104257726009531091295105889264514932142765231288634463998745273500314584998808803298831525684891289951887119177639800191397761360588802938657579891495005788170183707965974855777993921263488809373105163299321184557053452532999768648539702537695098968981243501
  private exponent: 8239724806228772314045643630706372763479925097132813889403468279869932376698156076039981360496582380588030716582587249750386127911127011966765757840488324335076591061347038421244257453411400602528152649894943474318249341826171667059819835466265971858147686876261674529582940996567491313537543795599864880808446372119356947225143542423306739267044880935211756284693499059950341406514606356706381253483621547423479584605480016821211294914050341820977063307408790116676038228838899282576307899898802434437468465483133571407805143738170691234107147238931250830199091451574060765277214599227456811076545879204313330528833



THE PLAINTEXT MESSAGE: Math and computer science are my favorite subjects. #techguy #STEM #math #programming




STEP-BY-STEP EXPLANATION - ENCRYPTION


1. First, acquire your public key and message (public key shown above)

2. Next the RSA Algorithm does the work for you!


The RSA encryption algorithm gets the bytes of your message. The bytes are how the computer reads your text


Your message's bytes: [17, -29, -48, -3, 63, -71, 84, 118, -80, 109, 47, -69, 71, -35, -79, 5, -14, 47, 4, -7, 116, -75, 85, -101, 100, 2, 53, -63, -66, -63, 69, -14, 93, -88, -62, 109, -12, -70, -114, 86, 60, 95, 53, 59, 73, 109, 17, -26, 38, 15, 68, 9, -69, -81, -20, -32, -118, -102, 103, 71, 127, 86, 12, 110, 78, 84, -108, 82, 9, 10, 72, -85, -87, -65, 87, 35, -14, 36, -82, -64, -69, -45, 110, 16, 69, 69, 104, 9, 60, 122, 40, 79, 112, 100, 35, -119, -81, 50, -12, -9, 60, 101, -65, -8, -56, 38, 43, 13, -80, 50, 75, -34, 80, 64, 15, 12, -64, -103, 80, 114, -63, -99, -24, 10, -124, 117, 3, -57, 75, -43, 35, 91, -120, 31, 41, -102, -58, -44, 5, -5, -20, -94, 5, -21, 69, -75, 120, 28, -62, -123, -9, 94, -32, 123, -63, 41, 51, 70, 32, -21, -101, 15, -121, 51, 68, 46, 30, -18, 50, -97, -25, 11, 1, -58, -114, -13, 28, -121, -115, -32, 65, 3, 65, -124, -117, -118, 113, 115, 5, 58, -18, 64, 60, 64, -53, 41, -86, 47, 34, 107, 73, -48, -18, 19, -66, -115, 56, -100, 26, -29, 12, 94, 74, 103, 99, 9, 66, 30, -41, 113, 23, -68, -68, -24, 94, 69, 102, -9, -60, -2, 67, -90, -85, -53, -80, 44, -90, 60, 91, -63, -118, -32, -111, 66, 104, -91, 119, -14, -54, -77, -79, 97, -108, -31, -111, -91]


YOUR ENCRYPTED MESSAGE: EePQ/T+5VHawbS+7R92xBfIvBPl0tVWbZAI1wb7BRfJdqMJt9LqOVjxfNTtJbRHmJg9ECbuv7OCKmmdHf1YMbk5UlFIJCkirqb9XI/IkrsC7024QRUVoCTx6KE9wZCOJrzL09zxlv/jIJisNsDJL3lBADwzAmVBywZ3oCoR1A8dL1SNbiB8pmsbUBfvsogXrRbV4HMKF917ge8EpM0Yg65sPhzNELh7uMp/nCwHGjvMch43gQQNBhIuKcXMFOu5APEDLKaovImtJ0O4Tvo04nBrjDF5KZ2MJQh7XcRe8vOheRWb3xP5DpqvLsCymPFvBiuCRQmild/LKs7FhlOGRpQ==


Now, let's decrypt your message!



STEP-BY-STEP EXPLANATION - DECRYPTION


1. First, get your private key. It is only known to you

2. Now, watch the RSA decryption algorithm go to work!


The algorithm gets the bytes from your encrypted message and get's THEIR bytes

Encrypted message bytes: [17, -29, -48, -3, 63, -71, 84, 118, -80, 109, 47, -69, 71, -35, -79, 5, -14, 47, 4, -7, 116, -75, 85, -101, 100, 2, 53, -63, -66, -63, 69, -14, 93, -88, -62, 109, -12, -70, -114, 86, 60, 95, 53, 59, 73, 109, 17, -26, 38, 15, 68, 9, -69, -81, -20, -32, -118, -102, 103, 71, 127, 86, 12, 110, 78, 84, -108, 82, 9, 10, 72, -85, -87, -65, 87, 35, -14, 36, -82, -64, -69, -45, 110, 16, 69, 69, 104, 9, 60, 122, 40, 79, 112, 100, 35, -119, -81, 50, -12, -9, 60, 101, -65, -8, -56, 38, 43, 13, -80, 50, 75, -34, 80, 64, 15, 12, -64, -103, 80, 114, -63, -99, -24, 10, -124, 117, 3, -57, 75, -43, 35, 91, -120, 31, 41, -102, -58, -44, 5, -5, -20, -94, 5, -21, 69, -75, 120, 28, -62, -123, -9, 94, -32, 123, -63, 41, 51, 70, 32, -21, -101, 15, -121, 51, 68, 46, 30, -18, 50, -97, -25, 11, 1, -58, -114, -13, 28, -121, -115, -32, 65, 3, 65, -124, -117, -118, 113, 115, 5, 58, -18, 64, 60, 64, -53, 41, -86, 47, 34, 107, 73, -48, -18, 19, -66, -115, 56, -100, 26, -29, 12, 94, 74, 103, 99, 9, 66, 30, -41, 113, 23, -68, -68, -24, 94, 69, 102, -9, -60, -2, 67, -90, -85, -53, -80, 44, -90, 60, 91, -63, -118, -32, -111, 66, 104, -91, 119, -14, -54, -77, -79, 97, -108, -31, -111, -91]


Finally, the algorithm converts the bytes to ASCII, and converts each ASCII value into a character!



YOUR DECRYPTED MESSAGE: Math and computer science are my favorite subjects. #techguy #STEM #math #programming



YOUR ORIGINAL MESSAGE I hope you learned a lot from this program ! #learntocode #letsgo #java


ORIGINAL MESSAGE: I hope you learned a lot from this program ! #learntocode #letsgo #java


This is the public key. It can be used by anyone (hence the name 'public'), and is used to electronically encrypt messages.


PUBLIC KEY: 


Sun RSA public key, 2048 bits
  params: null
  modulus: 19487796630307291632826031996593415799357049840880304001076690749109915487970662387420868221684031738599702961843125968491196523454042980269430800129631299601151733972843769650418076532812088101331199574744312900627755579764049532446748919413665571911491337236000049211305564925732359372620353941978648310846296940009353679160570241301192960250165133854899546104257726009531091295105889264514932142765231288634463998745273500314584998808803298831525684891289951887119177639800191397761360588802938657579891495005788170183707965974855777993921263488809373105163299321184557053452532999768648539702537695098968981243501
  public exponent: 65537


This is your private key. It is known only to you (hence the name 'private'), and is used to electronically decrypt messages you receive.


PRIVATE KEY: 


SunRsaSign RSA private CRT key, 2048 bits
  params: null
  modulus: 19487796630307291632826031996593415799357049840880304001076690749109915487970662387420868221684031738599702961843125968491196523454042980269430800129631299601151733972843769650418076532812088101331199574744312900627755579764049532446748919413665571911491337236000049211305564925732359372620353941978648310846296940009353679160570241301192960250165133854899546104257726009531091295105889264514932142765231288634463998745273500314584998808803298831525684891289951887119177639800191397761360588802938657579891495005788170183707965974855777993921263488809373105163299321184557053452532999768648539702537695098968981243501
  private exponent: 8239724806228772314045643630706372763479925097132813889403468279869932376698156076039981360496582380588030716582587249750386127911127011966765757840488324335076591061347038421244257453411400602528152649894943474318249341826171667059819835466265971858147686876261674529582940996567491313537543795599864880808446372119356947225143542423306739267044880935211756284693499059950341406514606356706381253483621547423479584605480016821211294914050341820977063307408790116676038228838899282576307899898802434437468465483133571407805143738170691234107147238931250830199091451574060765277214599227456811076545879204313330528833



THE PLAINTEXT MESSAGE: I hope you learned a lot from this program ! #learntocode #letsgo #java




STEP-BY-STEP EXPLANATION - ENCRYPTION


1. First, acquire your public key and message (public key shown above)

2. Next the RSA Algorithm does the work for you!


The RSA encryption algorithm gets the bytes of your message. The bytes are how the computer reads your text


Your message's bytes: [-116, 2, 124, 58, -96, 75, -88, 98, -107, -88, -88, 100, -116, 19, -127, -28, 114, -90, 80, 45, 4, -39, 88, -3, 9, -105, 14, -83, -124, 83, -119, 105, 115, 94, 52, -26, -93, -104, 29, -93, 45, -53, -79, -108, 87, -14, 81, -119, -2, 35, -72, 65, -117, -75, -70, -119, -4, 45, -99, 107, 21, -45, -75, -64, -17, 126, -2, 48, 21, -87, -104, -110, -40, 17, 85, -38, 87, 60, -3, 85, 118, -119, -105, 73, 71, 45, -20, -30, 80, 106, 40, -59, 120, -28, -126, -20, -37, -93, 91, 106, 96, 70, -77, 30, -104, 96, -42, -19, 69, -68, 55, 62, -88, 117, -55, 17, 62, 49, -13, 59, -98, -30, -64, 63, 30, -62, 89, 113, -46, 6, 25, 12, 100, -104, 30, -105, -27, 91, -86, -37, -80, -94, 16, -16, 44, -117, 37, 27, -69, 121, 32, 79, 53, -106, 123, 19, 96, 123, -83, 7, -83, 81, 14, 108, -58, 58, 56, 113, 9, 91, -89, 52, 73, -38, 71, 55, -73, 108, -115, 124, -125, 78, 74, -65, 107, -81, 113, -12, -51, 109, 127, -33, 45, 44, 117, -126, -19, 127, -104, -74, 93, -71, -102, -7, -22, 42, -82, 108, -109, -14, 75, 92, 109, -118, 101, -45, -95, 33, -7, -92, -96, 32, 46, 26, -65, 66, 112, -119, 7, 18, 69, -38, -42, 80, 96, 80, -98, 119, -98, 125, 46, 25, -123, -53, -92, 80, -38, -17, -91, 28, -60, 73, 36, -107, 51, 77]


YOUR ENCRYPTED MESSAGE: jAJ8OqBLqGKVqKhkjBOB5HKmUC0E2Vj9CZcOrYRTiWlzXjTmo5gdoy3LsZRX8lGJ/iO4QYu1uon8LZ1rFdO1wO9+/jAVqZiS2BFV2lc8/VV2iZdJRy3s4lBqKMV45ILs26NbamBGsx6YYNbtRbw3Pqh1yRE+MfM7nuLAPx7CWXHSBhkMZJgel+VbqtuwohDwLIslG7t5IE81lnsTYHutB61RDmzGOjhxCVunNEnaRze3bI18g05Kv2uvcfTNbX/fLSx1gu1/mLZduZr56iqubJPyS1xtimXToSH5pKAgLhq/QnCJBxJF2tZQYFCed559LhmFy6RQ2u+lHMRJJJUzTQ==


Now, let's decrypt your message!



STEP-BY-STEP EXPLANATION - DECRYPTION


1. First, get your private key. It is only known to you

2. Now, watch the RSA decryption algorithm go to work!


The algorithm gets the bytes from your encrypted message and get's THEIR bytes

Encrypted message bytes: [-116, 2, 124, 58, -96, 75, -88, 98, -107, -88, -88, 100, -116, 19, -127, -28, 114, -90, 80, 45, 4, -39, 88, -3, 9, -105, 14, -83, -124, 83, -119, 105, 115, 94, 52, -26, -93, -104, 29, -93, 45, -53, -79, -108, 87, -14, 81, -119, -2, 35, -72, 65, -117, -75, -70, -119, -4, 45, -99, 107, 21, -45, -75, -64, -17, 126, -2, 48, 21, -87, -104, -110, -40, 17, 85, -38, 87, 60, -3, 85, 118, -119, -105, 73, 71, 45, -20, -30, 80, 106, 40, -59, 120, -28, -126, -20, -37, -93, 91, 106, 96, 70, -77, 30, -104, 96, -42, -19, 69, -68, 55, 62, -88, 117, -55, 17, 62, 49, -13, 59, -98, -30, -64, 63, 30, -62, 89, 113, -46, 6, 25, 12, 100, -104, 30, -105, -27, 91, -86, -37, -80, -94, 16, -16, 44, -117, 37, 27, -69, 121, 32, 79, 53, -106, 123, 19, 96, 123, -83, 7, -83, 81, 14, 108, -58, 58, 56, 113, 9, 91, -89, 52, 73, -38, 71, 55, -73, 108, -115, 124, -125, 78, 74, -65, 107, -81, 113, -12, -51, 109, 127, -33, 45, 44, 117, -126, -19, 127, -104, -74, 93, -71, -102, -7, -22, 42, -82, 108, -109, -14, 75, 92, 109, -118, 101, -45, -95, 33, -7, -92, -96, 32, 46, 26, -65, 66, 112, -119, 7, 18, 69, -38, -42, 80, 96, 80, -98, 119, -98, 125, 46, 25, -123, -53, -92, 80, -38, -17, -91, 28, -60, 73, 36, -107, 51, 77]


Finally, the algorithm converts the bytes to ASCII, and converts each ASCII value into a character!

YOUR DECRYPTED MESSAGE: I hope you learned a lot from this program ! #learntocode #letsgo #java

